INFO 2024-03-11 07:50:03,616 Watching for file changes with StatReloader
WARNING 2024-03-11 07:50:05,591 Not Found: /
WARNING 2024-03-11 07:50:05,594 "GET / HTTP/1.1" 404 2828
WARNING 2024-03-11 07:50:05,696 Not Found: /favicon.ico
WARNING 2024-03-11 07:50:05,697 "GET /favicon.ico HTTP/1.1" 404 2879
ERROR 2024-03-11 07:50:16,160 Internal Server Error: /swagger/
Traceback (most recent call last):
  File "/home/itaims/projects/task/backend/venv/lib/python3.8/site-packages/django/core/handlers/exception.py", line 56, in inner
    response = get_response(request)
  File "/home/itaims/projects/task/backend/venv/lib/python3.8/site-packages/django/core/handlers/base.py", line 220, in _get_response
    response = response.render()
  File "/home/itaims/projects/task/backend/venv/lib/python3.8/site-packages/sentry_sdk/integrations/django/views.py", line 38, in sentry_patched_render
    return old_render(self)
  File "/home/itaims/projects/task/backend/venv/lib/python3.8/site-packages/django/template/response.py", line 114, in render
    self.content = self.rendered_content
  File "/home/itaims/projects/task/backend/venv/lib/python3.8/site-packages/rest_framework/response.py", line 70, in rendered_content
    ret = renderer.render(self.data, accepted_media_type, context)
  File "/home/itaims/projects/task/backend/venv/lib/python3.8/site-packages/drf_yasg/renderers.py", line 79, in render
    return render_to_string(self.template, renderer_context, renderer_context['request'])
  File "/home/itaims/projects/task/backend/venv/lib/python3.8/site-packages/django/template/loader.py", line 62, in render_to_string
    return template.render(context, request)
  File "/home/itaims/projects/task/backend/venv/lib/python3.8/site-packages/django/template/backends/django.py", line 61, in render
    return self.template.render(context)
  File "/home/itaims/projects/task/backend/venv/lib/python3.8/site-packages/django/template/base.py", line 175, in render
    return self._render(context)
  File "/home/itaims/projects/task/backend/venv/lib/python3.8/site-packages/django/template/base.py", line 167, in _render
    return self.nodelist.render(context)
  File "/home/itaims/projects/task/backend/venv/lib/python3.8/site-packages/django/template/base.py", line 1005, in render
    return SafeString("".join([node.render_annotated(context) for node in self]))
  File "/home/itaims/projects/task/backend/venv/lib/python3.8/site-packages/django/template/base.py", line 1005, in <listcomp>
    return SafeString("".join([node.render_annotated(context) for node in self]))
  File "/home/itaims/projects/task/backend/venv/lib/python3.8/site-packages/django/template/base.py", line 966, in render_annotated
    return self.render(context)
  File "/home/itaims/projects/task/backend/venv/lib/python3.8/site-packages/django/template/loader_tags.py", line 54, in render
    result = self.nodelist.render(context)
  File "/home/itaims/projects/task/backend/venv/lib/python3.8/site-packages/django/template/base.py", line 1005, in render
    return SafeString("".join([node.render_annotated(context) for node in self]))
  File "/home/itaims/projects/task/backend/venv/lib/python3.8/site-packages/django/template/base.py", line 1005, in <listcomp>
    return SafeString("".join([node.render_annotated(context) for node in self]))
  File "/home/itaims/projects/task/backend/venv/lib/python3.8/site-packages/django/template/base.py", line 966, in render_annotated
    return self.render(context)
  File "/home/itaims/projects/task/backend/venv/lib/python3.8/site-packages/django/templatetags/static.py", line 116, in render
    url = self.url(context)
  File "/home/itaims/projects/task/backend/venv/lib/python3.8/site-packages/django/templatetags/static.py", line 113, in url
    return self.handle_simple(path)
  File "/home/itaims/projects/task/backend/venv/lib/python3.8/site-packages/django/templatetags/static.py", line 129, in handle_simple
    return staticfiles_storage.url(path)
  File "/home/itaims/projects/task/backend/venv/lib/python3.8/site-packages/storages/backends/s3.py", line 648, in url
    params["Bucket"] = self.bucket.name
  File "/home/itaims/projects/task/backend/venv/lib/python3.8/site-packages/storages/backends/s3.py", line 444, in bucket
    self._bucket = self.connection.Bucket(self.bucket_name)
  File "/home/itaims/projects/task/backend/venv/lib/python3.8/site-packages/boto3/resources/factory.py", line 528, in create_resource
    return partial(
  File "/home/itaims/projects/task/backend/venv/lib/python3.8/site-packages/boto3/resources/base.py", line 125, in __init__
    raise ValueError(f'Required parameter {identifier} not set')
ValueError: Required parameter name not set
ERROR 2024-03-11 07:50:16,163 "GET /swagger/ HTTP/1.1" 500 205163
INFO 2024-03-11 07:53:06,217 Watching for file changes with StatReloader
INFO 2024-03-11 07:53:08,399 "GET /swagger/ HTTP/1.1" 200 1572
INFO 2024-03-11 07:53:08,458 "GET /static/drf-yasg/style.css HTTP/1.1" 200 1047
INFO 2024-03-11 07:53:08,480 "GET /static/drf-yasg/swagger-ui-init.js HTTP/1.1" 200 14964
INFO 2024-03-11 07:53:08,491 "GET /static/drf-yasg/insQ.min.js HTTP/1.1" 200 2093
INFO 2024-03-11 07:53:08,495 "GET /static/drf-yasg/immutable.min.js HTTP/1.1" 200 56904
INFO 2024-03-11 07:53:08,497 "GET /static/drf-yasg/swagger-ui-dist/swagger-ui-bundle.js HTTP/1.1" 200 1086481
INFO 2024-03-11 07:53:08,500 "GET /static/drf-yasg/swagger-ui-dist/swagger-ui.css HTTP/1.1" 200 143858
INFO 2024-03-11 07:53:08,499 "GET /static/drf-yasg/swagger-ui-dist/swagger-ui-standalone-preset.js HTTP/1.1" 200 324275
INFO 2024-03-11 07:53:08,763 "GET /swagger/?format=openapi HTTP/1.1" 200 10475
INFO 2024-03-11 07:53:57,940 /home/itaims/projects/task/backend/users/models.py changed, reloading.
INFO 2024-03-11 07:53:58,907 Watching for file changes with StatReloader
INFO 2024-03-11 07:54:15,434 /home/itaims/projects/task/backend/users/admin.py changed, reloading.
INFO 2024-03-11 07:54:16,617 Watching for file changes with StatReloader
INFO 2024-03-11 07:54:29,928 /home/itaims/projects/task/backend/users/users_api_v1/serializers.py changed, reloading.
INFO 2024-03-11 07:54:31,038 Watching for file changes with StatReloader
INFO 2024-03-11 07:55:00,086 /home/itaims/projects/task/backend/users/users_api_v1/serializers.py changed, reloading.
INFO 2024-03-11 07:55:01,284 Watching for file changes with StatReloader
INFO 2024-03-11 07:55:01,710 "GET /swagger/ HTTP/1.1" 200 1572
INFO 2024-03-11 07:55:01,744 "GET /static/drf-yasg/style.css HTTP/1.1" 304 0
INFO 2024-03-11 07:55:01,749 "GET /static/drf-yasg/swagger-ui-dist/swagger-ui.css HTTP/1.1" 304 0
INFO 2024-03-11 07:55:01,759 "GET /static/drf-yasg/swagger-ui-init.js HTTP/1.1" 304 0
INFO 2024-03-11 07:55:01,760 "GET /static/drf-yasg/swagger-ui-dist/swagger-ui-bundle.js HTTP/1.1" 304 0
INFO 2024-03-11 07:55:01,771 "GET /static/drf-yasg/insQ.min.js HTTP/1.1" 304 0
INFO 2024-03-11 07:55:01,771 "GET /static/drf-yasg/swagger-ui-dist/swagger-ui-standalone-preset.js HTTP/1.1" 304 0
INFO 2024-03-11 07:55:01,774 "GET /static/drf-yasg/immutable.min.js HTTP/1.1" 304 0
INFO 2024-03-11 07:55:01,985 "GET /static/drf-yasg/swagger-ui-dist/favicon-32x32.png HTTP/1.1" 200 628
INFO 2024-03-11 07:55:02,039 "GET /swagger/?format=openapi HTTP/1.1" 200 10177
INFO 2024-03-11 07:56:16,965 /home/itaims/projects/task/backend/users/users_api_v1/serializers.py changed, reloading.
INFO 2024-03-11 07:56:18,184 Watching for file changes with StatReloader
INFO 2024-03-11 07:56:22,281 "GET /swagger/ HTTP/1.1" 200 1572
INFO 2024-03-11 07:56:22,313 "GET /static/drf-yasg/style.css HTTP/1.1" 304 0
INFO 2024-03-11 07:56:22,320 "GET /static/drf-yasg/swagger-ui-dist/swagger-ui.css HTTP/1.1" 304 0
INFO 2024-03-11 07:56:22,326 "GET /static/drf-yasg/swagger-ui-dist/swagger-ui-bundle.js HTTP/1.1" 304 0
INFO 2024-03-11 07:56:22,330 "GET /static/drf-yasg/swagger-ui-dist/swagger-ui-standalone-preset.js HTTP/1.1" 304 0
INFO 2024-03-11 07:56:22,336 "GET /static/drf-yasg/insQ.min.js HTTP/1.1" 304 0
INFO 2024-03-11 07:56:22,339 "GET /static/drf-yasg/swagger-ui-init.js HTTP/1.1" 304 0
INFO 2024-03-11 07:56:22,342 "GET /static/drf-yasg/immutable.min.js HTTP/1.1" 304 0
INFO 2024-03-11 07:56:22,469 "GET /static/drf-yasg/swagger-ui-dist/favicon-32x32.png HTTP/1.1" 304 0
INFO 2024-03-11 07:56:22,509 "GET /swagger/?format=openapi HTTP/1.1" 200 10158
WARNING 2024-03-11 07:57:01,399 Bad Request: /users-api/v1/register
WARNING 2024-03-11 07:57:01,400 "POST /users-api/v1/register HTTP/1.1" 400 117
INFO 2024-03-11 07:58:11,074 Watching for file changes with StatReloader
INFO 2024-03-11 07:58:15,995 "GET /admin/ HTTP/1.1" 302 0
INFO 2024-03-11 07:58:16,042 "GET /admin/login/?next=/admin/ HTTP/1.1" 200 2208
INFO 2024-03-11 07:58:16,108 "GET /static/admin/css/base.css HTTP/1.1" 200 20344
INFO 2024-03-11 07:58:16,129 "GET /static/admin/css/responsive.css HTTP/1.1" 200 18854
INFO 2024-03-11 07:58:16,137 "GET /static/admin/css/dark_mode.css HTTP/1.1" 200 796
INFO 2024-03-11 07:58:16,144 "GET /static/admin/css/nav_sidebar.css HTTP/1.1" 200 2619
INFO 2024-03-11 07:58:16,149 "GET /static/admin/css/login.css HTTP/1.1" 200 958
INFO 2024-03-11 07:58:16,154 "GET /static/admin/js/nav_sidebar.js HTTP/1.1" 200 3763
INFO 2024-03-11 07:58:16,170 "GET /static/admin/css/fonts.css HTTP/1.1" 200 423
INFO 2024-03-11 07:58:16,311 "GET /static/admin/fonts/Roboto-Light-webfont.woff HTTP/1.1" 200 85692
INFO 2024-03-11 07:58:16,313 "GET /static/admin/fonts/Roboto-Regular-webfont.woff HTTP/1.1" 200 85876
INFO 2024-03-11 07:58:21,293 "POST /admin/login/?next=/admin/ HTTP/1.1" 200 2393
INFO 2024-03-11 07:58:21,331 "GET /static/admin/fonts/Roboto-Bold-webfont.woff HTTP/1.1" 200 86184
INFO 2024-03-11 07:58:27,885 "POST /admin/login/?next=/admin/ HTTP/1.1" 302 0
INFO 2024-03-11 07:58:27,926 "GET /admin/ HTTP/1.1" 200 5400
INFO 2024-03-11 07:58:27,986 "GET /static/admin/css/dashboard.css HTTP/1.1" 200 380
INFO 2024-03-11 07:58:28,038 "GET /static/admin/img/icon-changelink.svg HTTP/1.1" 200 380
INFO 2024-03-11 07:58:28,040 "GET /static/admin/img/icon-addlink.svg HTTP/1.1" 200 331
INFO 2024-03-11 07:58:31,000 "GET /admin/users/role/ HTTP/1.1" 200 6242
INFO 2024-03-11 07:58:31,022 "GET /static/admin/css/changelists.css HTTP/1.1" 200 6395
INFO 2024-03-11 07:58:31,049 "GET /static/admin/js/jquery.init.js HTTP/1.1" 200 347
INFO 2024-03-11 07:58:31,050 "GET /static/admin/js/core.js HTTP/1.1" 200 5698
INFO 2024-03-11 07:58:31,055 "GET /static/admin/js/vendor/jquery/jquery.js HTTP/1.1" 200 288580
INFO 2024-03-11 07:58:31,057 "GET /static/admin/js/admin/RelatedObjectLookups.js HTTP/1.1" 200 8985
INFO 2024-03-11 07:58:31,092 "GET /static/admin/js/actions.js HTTP/1.1" 200 7872
INFO 2024-03-11 07:58:31,093 "GET /static/admin/js/urlify.js HTTP/1.1" 200 7902
INFO 2024-03-11 07:58:31,096 "GET /admin/jsi18n/ HTTP/1.1" 200 3343
INFO 2024-03-11 07:58:31,099 "GET /static/admin/js/vendor/xregexp/xregexp.js HTTP/1.1" 200 232381
INFO 2024-03-11 07:58:31,103 "GET /static/admin/js/prepopulate.js HTTP/1.1" 200 1531
INFO 2024-03-11 07:58:31,150 "GET /static/admin/js/filters.js HTTP/1.1" 200 966
INFO 2024-03-11 07:58:31,174 "GET /static/admin/img/tooltag-add.svg HTTP/1.1" 200 331
INFO 2024-03-11 07:58:32,691 "GET /admin/users/role/add/ HTTP/1.1" 200 6881
INFO 2024-03-11 07:58:32,731 "GET /static/admin/css/forms.css HTTP/1.1" 200 8944
INFO 2024-03-11 07:58:32,731 "GET /static/admin/js/prepopulate_init.js HTTP/1.1" 200 586
INFO 2024-03-11 07:58:32,741 "GET /admin/jsi18n/ HTTP/1.1" 200 3343
INFO 2024-03-11 07:58:32,749 "GET /static/admin/js/change_form.js HTTP/1.1" 200 606
INFO 2024-03-11 07:58:32,773 "GET /static/admin/css/widgets.css HTTP/1.1" 200 11297
INFO 2024-03-11 07:58:43,981 "POST /admin/users/role/add/ HTTP/1.1" 302 0
INFO 2024-03-11 07:58:44,042 "GET /admin/users/role/ HTTP/1.1" 200 7578
INFO 2024-03-11 07:58:44,114 "GET /admin/jsi18n/ HTTP/1.1" 200 3343
INFO 2024-03-11 07:58:44,179 "GET /static/admin/img/icon-yes.svg HTTP/1.1" 200 436
INFO 2024-03-11 07:58:48,409 "POST /users-api/v1/register HTTP/1.1" 201 239
INFO 2024-03-11 08:00:05,280 /home/itaims/projects/task/backend/app/settings.py changed, reloading.
INFO 2024-03-11 08:00:06,342 Watching for file changes with StatReloader
INFO 2024-03-11 08:00:21,798 /home/itaims/projects/task/backend/app/settings.py changed, reloading.
INFO 2024-03-11 08:00:22,829 Watching for file changes with StatReloader
INFO 2024-03-11 08:00:26,624 "GET /admin/users/role/ HTTP/1.1" 200 7383
INFO 2024-03-11 08:00:26,663 "GET /static/admin/css/dark_mode.css HTTP/1.1" 304 0
INFO 2024-03-11 08:00:26,663 "GET /static/admin/css/base.css HTTP/1.1" 304 0
INFO 2024-03-11 08:00:26,677 "GET /static/admin/css/nav_sidebar.css HTTP/1.1" 304 0
INFO 2024-03-11 08:00:26,697 "GET /static/admin/js/vendor/jquery/jquery.js HTTP/1.1" 304 0
INFO 2024-03-11 08:00:26,702 "GET /static/admin/css/changelists.css HTTP/1.1" 304 0
INFO 2024-03-11 08:00:26,709 "GET /static/admin/js/jquery.init.js HTTP/1.1" 304 0
INFO 2024-03-11 08:00:26,711 "GET /static/admin/css/responsive.css HTTP/1.1" 304 0
INFO 2024-03-11 08:00:26,719 "GET /static/admin/js/admin/RelatedObjectLookups.js HTTP/1.1" 304 0
INFO 2024-03-11 08:00:26,725 "GET /static/admin/css/fonts.css HTTP/1.1" 304 0
INFO 2024-03-11 08:00:26,726 "GET /admin/jsi18n/ HTTP/1.1" 200 3343
INFO 2024-03-11 08:00:26,729 "GET /static/admin/js/core.js HTTP/1.1" 304 0
INFO 2024-03-11 08:00:26,747 "GET /static/admin/js/actions.js HTTP/1.1" 304 0
INFO 2024-03-11 08:00:26,752 "GET /static/admin/js/urlify.js HTTP/1.1" 304 0
INFO 2024-03-11 08:00:26,762 "GET /static/admin/js/prepopulate.js HTTP/1.1" 304 0
INFO 2024-03-11 08:00:26,763 "GET /static/admin/js/vendor/xregexp/xregexp.js HTTP/1.1" 304 0
INFO 2024-03-11 08:00:26,819 "GET /static/admin/js/nav_sidebar.js HTTP/1.1" 304 0
INFO 2024-03-11 08:00:26,830 "GET /static/admin/js/filters.js HTTP/1.1" 304 0
INFO 2024-03-11 08:00:26,831 "GET /static/admin/img/icon-addlink.svg HTTP/1.1" 304 0
INFO 2024-03-11 08:00:26,832 "GET /static/admin/fonts/Roboto-Regular-webfont.woff HTTP/1.1" 304 0
INFO 2024-03-11 08:00:26,832 "GET /static/admin/img/tooltag-add.svg HTTP/1.1" 304 0
INFO 2024-03-11 08:00:26,835 "GET /static/admin/fonts/Roboto-Light-webfont.woff HTTP/1.1" 304 0
INFO 2024-03-11 08:00:26,843 "GET /static/admin/fonts/Roboto-Bold-webfont.woff HTTP/1.1" 304 0
INFO 2024-03-11 08:00:28,430 "GET /admin/users/user/ HTTP/1.1" 200 10150
INFO 2024-03-11 08:00:28,485 "GET /static/admin/img/search.svg HTTP/1.1" 200 458
INFO 2024-03-11 08:00:28,494 "GET /admin/jsi18n/ HTTP/1.1" 200 3343
INFO 2024-03-11 08:00:28,526 "GET /static/admin/img/sorting-icons.svg HTTP/1.1" 200 1097
INFO 2024-03-11 08:00:34,978 "POST /admin/users/user/ HTTP/1.1" 200 6310
INFO 2024-03-11 08:00:35,006 "GET /static/admin/js/cancel.js HTTP/1.1" 200 884
INFO 2024-03-11 08:00:35,855 "POST /admin/users/user/ HTTP/1.1" 302 0
INFO 2024-03-11 08:00:35,896 "GET /admin/users/user/ HTTP/1.1" 200 9916
INFO 2024-03-11 08:00:35,972 "GET /admin/jsi18n/ HTTP/1.1" 200 3343
INFO 2024-03-11 08:00:36,037 "GET /static/admin/img/icon-yes.svg HTTP/1.1" 304 0
INFO 2024-03-11 08:00:41,971 "POST /users-api/v1/register HTTP/1.1" 201 239
WARNING 2024-03-11 08:01:52,268 Not Found: /Login
WARNING 2024-03-11 08:01:52,269 "GET /Login?uidb=Mw&amp;token=c3psx5-68f3877bee483e72592e3e820e0a6eb6 HTTP/1.1" 404 2923
INFO 2024-03-11 08:02:04,955 "GET /admin/users/user/ HTTP/1.1" 200 10150
INFO 2024-03-11 08:02:04,989 "GET /admin/jsi18n/ HTTP/1.1" 200 3343
INFO 2024-03-11 08:02:06,550 "GET /admin/users/user/3/change/ HTTP/1.1" 200 20931
INFO 2024-03-11 08:02:06,576 "GET /static/admin/css/forms.css HTTP/1.1" 304 0
INFO 2024-03-11 08:02:06,605 "GET /static/admin/js/SelectFilter2.js HTTP/1.1" 200 11317
INFO 2024-03-11 08:02:06,608 "GET /static/admin/js/admin/DateTimeShortcuts.js HTTP/1.1" 200 19379
INFO 2024-03-11 08:02:06,609 "GET /static/admin/js/SelectBox.js HTTP/1.1" 200 4360
INFO 2024-03-11 08:02:06,614 "GET /static/admin/js/calendar.js HTTP/1.1" 200 8466
INFO 2024-03-11 08:02:06,624 "GET /static/admin/img/icon-viewlink.svg HTTP/1.1" 200 581
INFO 2024-03-11 08:02:06,638 "GET /static/admin/img/icon-changelink.svg HTTP/1.1" 304 0
INFO 2024-03-11 08:02:06,643 "GET /static/admin/css/widgets.css HTTP/1.1" 304 0
INFO 2024-03-11 08:02:06,645 "GET /admin/jsi18n/ HTTP/1.1" 200 3343
INFO 2024-03-11 08:02:06,672 "GET /static/admin/js/prepopulate_init.js HTTP/1.1" 304 0
INFO 2024-03-11 08:02:06,691 "GET /static/admin/js/change_form.js HTTP/1.1" 304 0
INFO 2024-03-11 08:02:06,756 "GET /static/admin/img/selector-icons.svg HTTP/1.1" 200 3291
INFO 2024-03-11 08:02:06,765 "GET /static/admin/img/icon-clock.svg HTTP/1.1" 200 677
INFO 2024-03-11 08:02:06,766 "GET /static/admin/img/icon-unknown-alt.svg HTTP/1.1" 200 655
INFO 2024-03-11 08:02:06,768 "GET /static/admin/img/icon-unknown.svg HTTP/1.1" 200 655
INFO 2024-03-11 08:02:06,772 "GET /static/admin/img/icon-calendar.svg HTTP/1.1" 200 1086
INFO 2024-03-11 08:02:14,740 "GET /admin/users/user/3/delete/ HTTP/1.1" 200 6186
INFO 2024-03-11 08:02:14,782 "GET /static/admin/css/base.css HTTP/1.1" 304 0
INFO 2024-03-11 08:02:14,785 "GET /static/admin/js/jquery.init.js HTTP/1.1" 304 0
INFO 2024-03-11 08:02:14,786 "GET /static/admin/js/core.js HTTP/1.1" 304 0
INFO 2024-03-11 08:02:14,786 "GET /static/admin/js/vendor/jquery/jquery.js HTTP/1.1" 304 0
INFO 2024-03-11 08:02:14,796 "GET /static/admin/js/admin/RelatedObjectLookups.js HTTP/1.1" 304 0
INFO 2024-03-11 08:02:14,800 "GET /static/admin/css/dark_mode.css HTTP/1.1" 304 0
INFO 2024-03-11 08:02:14,806 "GET /static/admin/css/nav_sidebar.css HTTP/1.1" 304 0
INFO 2024-03-11 08:02:14,807 "GET /static/admin/css/responsive.css HTTP/1.1" 304 0
INFO 2024-03-11 08:02:14,809 "GET /static/admin/js/actions.js HTTP/1.1" 304 0
INFO 2024-03-11 08:02:14,813 "GET /static/admin/js/prepopulate.js HTTP/1.1" 304 0
INFO 2024-03-11 08:02:14,814 "GET /static/admin/js/urlify.js HTTP/1.1" 304 0
INFO 2024-03-11 08:02:14,824 "GET /static/admin/js/vendor/xregexp/xregexp.js HTTP/1.1" 304 0
INFO 2024-03-11 08:02:14,839 "GET /static/admin/css/fonts.css HTTP/1.1" 304 0
INFO 2024-03-11 08:02:14,873 "GET /static/admin/js/nav_sidebar.js HTTP/1.1" 304 0
INFO 2024-03-11 08:02:14,915 "GET /static/admin/fonts/Roboto-Bold-webfont.woff HTTP/1.1" 304 0
INFO 2024-03-11 08:02:14,916 "GET /static/admin/img/icon-addlink.svg HTTP/1.1" 304 0
INFO 2024-03-11 08:02:14,917 "GET /static/admin/fonts/Roboto-Light-webfont.woff HTTP/1.1" 304 0
INFO 2024-03-11 08:02:14,917 "GET /static/admin/fonts/Roboto-Regular-webfont.woff HTTP/1.1" 304 0
INFO 2024-03-11 08:02:15,886 "POST /admin/users/user/3/delete/ HTTP/1.1" 302 0
INFO 2024-03-11 08:02:15,954 "GET /admin/users/user/ HTTP/1.1" 200 9945
INFO 2024-03-11 08:02:16,027 "GET /static/admin/css/changelists.css HTTP/1.1" 304 0
INFO 2024-03-11 08:02:16,032 "GET /static/admin/img/search.svg HTTP/1.1" 304 0
INFO 2024-03-11 08:02:16,042 "GET /admin/jsi18n/ HTTP/1.1" 200 3343
INFO 2024-03-11 08:02:16,049 "GET /static/admin/js/filters.js HTTP/1.1" 304 0
INFO 2024-03-11 08:02:16,108 "GET /static/admin/img/sorting-icons.svg HTTP/1.1" 304 0
INFO 2024-03-11 08:02:16,111 "GET /static/admin/img/tooltag-add.svg HTTP/1.1" 304 0
INFO 2024-03-11 08:02:19,776 "POST /users-api/v1/register HTTP/1.1" 201 239
INFO 2024-03-11 08:02:23,596 "GET /admin/users/user/ HTTP/1.1" 200 10150
INFO 2024-03-11 08:02:23,629 "GET /admin/jsi18n/ HTTP/1.1" 200 3343
INFO 2024-03-11 08:02:26,462 "GET /admin/users/user/4/change/ HTTP/1.1" 200 20931
INFO 2024-03-11 08:02:26,498 "GET /admin/jsi18n/ HTTP/1.1" 200 3343
WARNING 2024-03-06 10:04:04,301 Not Found: /search_question/
WARNING 2024-03-06 10:04:04,304 "GET /search_question/ HTTP/1.1" 404 2894
WARNING 2024-03-06 10:04:04,374 Not Found: /favicon.ico
WARNING 2024-03-06 10:04:04,375 "GET /favicon.ico HTTP/1.1" 404 2879
INFO 2024-03-07 06:23:12,527 Watching for file changes with StatReloader
WARNING 2024-03-07 06:23:18,355 Not Found: /
WARNING 2024-03-07 06:23:18,356 "GET / HTTP/1.1" 404 2828
WARNING 2024-03-07 06:23:18,429 Not Found: /favicon.ico
WARNING 2024-03-07 06:23:18,431 "GET /favicon.ico HTTP/1.1" 404 2879
INFO 2024-03-07 06:23:21,325 "GET /admin/ HTTP/1.1" 200 6216
INFO 2024-03-07 06:23:21,374 "GET /static/admin/css/dark_mode.css HTTP/1.1" 200 796
INFO 2024-03-07 06:23:21,377 "GET /static/admin/css/nav_sidebar.css HTTP/1.1" 200 2619
INFO 2024-03-07 06:23:21,386 "GET /static/admin/css/base.css HTTP/1.1" 200 20344
INFO 2024-03-07 06:23:21,389 "GET /static/admin/js/nav_sidebar.js HTTP/1.1" 200 3763
INFO 2024-03-07 06:23:21,390 "GET /static/admin/css/dashboard.css HTTP/1.1" 200 380
INFO 2024-03-07 06:23:21,392 "GET /static/admin/css/responsive.css HTTP/1.1" 200 18854
INFO 2024-03-07 06:23:21,425 "GET /static/admin/css/fonts.css HTTP/1.1" 200 423
INFO 2024-03-07 06:23:21,529 "GET /static/admin/img/icon-deletelink.svg HTTP/1.1" 200 392
INFO 2024-03-07 06:23:21,533 "GET /static/admin/img/icon-addlink.svg HTTP/1.1" 200 331
INFO 2024-03-07 06:23:21,534 "GET /static/admin/img/icon-changelink.svg HTTP/1.1" 200 380
INFO 2024-03-07 06:23:21,609 "GET /static/admin/fonts/Roboto-Regular-webfont.woff HTTP/1.1" 200 85876
INFO 2024-03-07 06:23:21,613 "GET /static/admin/fonts/Roboto-Light-webfont.woff HTTP/1.1" 200 85692
INFO 2024-03-07 06:23:21,613 "GET /static/admin/fonts/Roboto-Bold-webfont.woff HTTP/1.1" 200 86184
INFO 2024-03-07 06:23:28,359 "GET /swagger/ HTTP/1.1" 200 1572
INFO 2024-03-07 06:23:28,400 "GET /static/drf-yasg/style.css HTTP/1.1" 200 1047
INFO 2024-03-07 06:23:28,450 "GET /static/drf-yasg/swagger-ui-dist/swagger-ui.css HTTP/1.1" 200 143858
INFO 2024-03-07 06:23:28,452 "GET /static/drf-yasg/immutable.min.js HTTP/1.1" 200 56904
INFO 2024-03-07 06:23:28,454 "GET /static/drf-yasg/insQ.min.js HTTP/1.1" 200 2093
INFO 2024-03-07 06:23:28,458 "GET /static/drf-yasg/swagger-ui-dist/swagger-ui-standalone-preset.js HTTP/1.1" 200 324275
INFO 2024-03-07 06:23:28,469 "GET /static/drf-yasg/swagger-ui-init.js HTTP/1.1" 200 14964
INFO 2024-03-07 06:23:28,477 "GET /static/drf-yasg/swagger-ui-dist/swagger-ui-bundle.js HTTP/1.1" 200 1086481
INFO 2024-03-07 06:23:28,776 "GET /swagger/?format=openapi HTTP/1.1" 200 10158
WARNING 2024-03-07 06:23:43,013 Unauthorized: /users-api/v1/generate-otp
WARNING 2024-03-07 06:23:43,014 "POST /users-api/v1/generate-otp HTTP/1.1" 401 58
INFO 2024-03-07 06:23:55,343 "GET /admin/users/user/ HTTP/1.1" 200 10150
INFO 2024-03-07 06:23:55,373 "GET /static/admin/css/base.css HTTP/1.1" 304 0
INFO 2024-03-07 06:23:55,402 "GET /static/admin/css/changelists.css HTTP/1.1" 200 6395
INFO 2024-03-07 06:23:55,415 "GET /static/admin/js/jquery.init.js HTTP/1.1" 200 347
INFO 2024-03-07 06:23:55,417 "GET /static/admin/js/core.js HTTP/1.1" 200 5698
INFO 2024-03-07 06:23:55,427 "GET /static/admin/css/nav_sidebar.css HTTP/1.1" 304 0
INFO 2024-03-07 06:23:55,440 "GET /static/admin/css/responsive.css HTTP/1.1" 304 0
INFO 2024-03-07 06:23:55,443 "GET /static/admin/css/dark_mode.css HTTP/1.1" 304 0
INFO 2024-03-07 06:23:55,455 "GET /static/admin/js/vendor/jquery/jquery.js HTTP/1.1" 200 288580
INFO 2024-03-07 06:23:55,458 "GET /static/admin/js/admin/RelatedObjectLookups.js HTTP/1.1" 200 8985
INFO 2024-03-07 06:23:55,480 "GET /static/admin/css/fonts.css HTTP/1.1" 304 0
INFO 2024-03-07 06:23:55,502 "GET /static/admin/js/urlify.js HTTP/1.1" 200 7902
INFO 2024-03-07 06:23:55,503 "GET /admin/jsi18n/ HTTP/1.1" 200 3343
INFO 2024-03-07 06:23:55,504 "GET /static/admin/js/prepopulate.js HTTP/1.1" 200 1531
INFO 2024-03-07 06:23:55,519 "GET /static/admin/js/actions.js HTTP/1.1" 200 7872
INFO 2024-03-07 06:23:55,519 "GET /static/admin/img/search.svg HTTP/1.1" 200 458
INFO 2024-03-07 06:23:55,527 "GET /static/admin/js/vendor/xregexp/xregexp.js HTTP/1.1" 200 232381
INFO 2024-03-07 06:23:55,571 "GET /static/admin/js/nav_sidebar.js HTTP/1.1" 304 0
INFO 2024-03-07 06:23:55,573 "GET /static/admin/js/filters.js HTTP/1.1" 200 966
INFO 2024-03-07 06:23:55,590 "GET /static/admin/fonts/Roboto-Regular-webfont.woff HTTP/1.1" 304 0
INFO 2024-03-07 06:23:55,612 "GET /static/admin/fonts/Roboto-Light-webfont.woff HTTP/1.1" 304 0
INFO 2024-03-07 06:23:55,615 "GET /static/admin/img/icon-addlink.svg HTTP/1.1" 304 0
INFO 2024-03-07 06:23:55,623 "GET /static/admin/img/tooltag-add.svg HTTP/1.1" 200 331
INFO 2024-03-07 06:23:55,623 "GET /static/admin/img/sorting-icons.svg HTTP/1.1" 200 1097
INFO 2024-03-07 06:23:55,630 "GET /static/admin/fonts/Roboto-Bold-webfont.woff HTTP/1.1" 304 0
INFO 2024-03-07 06:23:58,788 "GET /admin/users/user/1/change/ HTTP/1.1" 200 20988
INFO 2024-03-07 06:23:58,819 "GET /static/admin/css/base.css HTTP/1.1" 304 0
INFO 2024-03-07 06:23:58,858 "GET /static/admin/js/admin/DateTimeShortcuts.js HTTP/1.1" 200 19379
INFO 2024-03-07 06:23:58,863 "GET /static/admin/js/SelectBox.js HTTP/1.1" 200 4360
INFO 2024-03-07 06:23:58,874 "GET /static/admin/js/calendar.js HTTP/1.1" 200 8466
INFO 2024-03-07 06:23:58,876 "GET /static/admin/css/forms.css HTTP/1.1" 200 8944
INFO 2024-03-07 06:23:58,886 "GET /static/admin/css/dark_mode.css HTTP/1.1" 304 0
INFO 2024-03-07 06:23:58,898 "GET /static/admin/css/nav_sidebar.css HTTP/1.1" 304 0
INFO 2024-03-07 06:23:58,911 "GET /static/admin/css/fonts.css HTTP/1.1" 304 0
INFO 2024-03-07 06:23:58,913 "GET /static/admin/css/responsive.css HTTP/1.1" 304 0
INFO 2024-03-07 06:23:58,928 "GET /static/admin/js/SelectFilter2.js HTTP/1.1" 200 11317
INFO 2024-03-07 06:23:58,931 "GET /admin/jsi18n/ HTTP/1.1" 200 3343
INFO 2024-03-07 06:23:58,944 "GET /static/admin/css/widgets.css HTTP/1.1" 200 11297
INFO 2024-03-07 06:23:58,946 "GET /static/admin/js/vendor/jquery/jquery.js HTTP/1.1" 304 0
INFO 2024-03-07 06:23:58,953 "GET /static/admin/js/jquery.init.js HTTP/1.1" 304 0
INFO 2024-03-07 06:23:58,966 "GET /static/admin/js/core.js HTTP/1.1" 304 0
INFO 2024-03-07 06:23:58,967 "GET /static/admin/js/admin/RelatedObjectLookups.js HTTP/1.1" 304 0
INFO 2024-03-07 06:23:58,973 "GET /static/admin/js/actions.js HTTP/1.1" 304 0
INFO 2024-03-07 06:23:58,999 "GET /static/admin/js/vendor/xregexp/xregexp.js HTTP/1.1" 304 0
INFO 2024-03-07 06:23:59,000 "GET /static/admin/js/prepopulate.js HTTP/1.1" 304 0
INFO 2024-03-07 06:23:59,002 "GET /static/admin/js/urlify.js HTTP/1.1" 304 0
INFO 2024-03-07 06:23:59,021 "GET /static/admin/img/icon-changelink.svg HTTP/1.1" 304 0
INFO 2024-03-07 06:23:59,021 "GET /static/admin/img/icon-addlink.svg HTTP/1.1" 304 0
INFO 2024-03-07 06:23:59,094 "GET /static/admin/fonts/Roboto-Light-webfont.woff HTTP/1.1" 304 0
INFO 2024-03-07 06:23:59,095 "GET /static/admin/js/nav_sidebar.js HTTP/1.1" 304 0
INFO 2024-03-07 06:23:59,096 "GET /static/admin/js/prepopulate_init.js HTTP/1.1" 200 586
INFO 2024-03-07 06:23:59,106 "GET /static/admin/js/change_form.js HTTP/1.1" 200 606
INFO 2024-03-07 06:23:59,107 "GET /static/admin/img/icon-viewlink.svg HTTP/1.1" 200 581
INFO 2024-03-07 06:23:59,111 "GET /static/admin/fonts/Roboto-Bold-webfont.woff HTTP/1.1" 304 0
INFO 2024-03-07 06:23:59,111 "GET /static/admin/fonts/Roboto-Regular-webfont.woff HTTP/1.1" 304 0
INFO 2024-03-07 06:23:59,203 "GET /static/admin/img/search.svg HTTP/1.1" 304 0
INFO 2024-03-07 06:23:59,214 "GET /static/admin/img/icon-calendar.svg HTTP/1.1" 200 1086
INFO 2024-03-07 06:23:59,214 "GET /static/admin/img/icon-clock.svg HTTP/1.1" 200 677
INFO 2024-03-07 06:23:59,215 "GET /static/admin/img/selector-icons.svg HTTP/1.1" 200 3291
INFO 2024-03-07 06:23:59,217 "GET /static/admin/img/icon-unknown-alt.svg HTTP/1.1" 200 655
INFO 2024-03-07 06:23:59,217 "GET /static/admin/img/icon-unknown.svg HTTP/1.1" 200 655
INFO 2024-03-07 06:24:04,774 "POST /admin/users/user/1/change/ HTTP/1.1" 302 0
INFO 2024-03-07 06:24:04,859 "GET /admin/users/user/ HTTP/1.1" 200 10371
INFO 2024-03-07 06:24:04,926 "GET /static/admin/css/base.css HTTP/1.1" 304 0
INFO 2024-03-07 06:24:04,947 "GET /static/admin/css/changelists.css HTTP/1.1" 304 0
INFO 2024-03-07 06:24:04,949 "GET /static/admin/css/dark_mode.css HTTP/1.1" 304 0
INFO 2024-03-07 06:24:04,951 "GET /static/admin/css/responsive.css HTTP/1.1" 304 0
INFO 2024-03-07 06:24:04,951 "GET /static/admin/css/nav_sidebar.css HTTP/1.1" 304 0
INFO 2024-03-07 06:24:04,984 "GET /static/admin/js/vendor/jquery/jquery.js HTTP/1.1" 304 0
INFO 2024-03-07 06:24:04,987 "GET /static/admin/js/admin/RelatedObjectLookups.js HTTP/1.1" 304 0
INFO 2024-03-07 06:24:04,988 "GET /static/admin/js/core.js HTTP/1.1" 304 0
INFO 2024-03-07 06:24:04,993 "GET /static/admin/js/jquery.init.js HTTP/1.1" 304 0
INFO 2024-03-07 06:24:04,995 "GET /static/admin/js/actions.js HTTP/1.1" 304 0
INFO 2024-03-07 06:24:04,997 "GET /admin/jsi18n/ HTTP/1.1" 200 3343
INFO 2024-03-07 06:24:05,010 "GET /static/admin/css/fonts.css HTTP/1.1" 304 0
INFO 2024-03-07 06:24:05,030 "GET /static/admin/js/urlify.js HTTP/1.1" 304 0
INFO 2024-03-07 06:24:05,040 "GET /static/admin/js/prepopulate.js HTTP/1.1" 304 0
INFO 2024-03-07 06:24:05,047 "GET /static/admin/js/vendor/xregexp/xregexp.js HTTP/1.1" 304 0
INFO 2024-03-07 06:24:05,052 "GET /static/admin/img/search.svg HTTP/1.1" 304 0
INFO 2024-03-07 06:24:05,104 "GET /static/admin/js/nav_sidebar.js HTTP/1.1" 304 0
INFO 2024-03-07 06:24:05,109 "GET /static/admin/js/filters.js HTTP/1.1" 304 0
INFO 2024-03-07 06:24:05,114 "GET /static/admin/fonts/Roboto-Regular-webfont.woff HTTP/1.1" 304 0
INFO 2024-03-07 06:24:05,118 "GET /static/admin/img/icon-addlink.svg HTTP/1.1" 304 0
INFO 2024-03-07 06:24:05,129 "GET /static/admin/img/icon-yes.svg HTTP/1.1" 200 436
INFO 2024-03-07 06:24:05,135 "GET /static/admin/img/tooltag-add.svg HTTP/1.1" 304 0
INFO 2024-03-07 06:24:05,146 "GET /static/admin/fonts/Roboto-Light-webfont.woff HTTP/1.1" 304 0
INFO 2024-03-07 06:24:05,141 "GET /static/admin/img/sorting-icons.svg HTTP/1.1" 304 0
INFO 2024-03-07 06:24:05,151 "GET /static/admin/fonts/Roboto-Bold-webfont.woff HTTP/1.1" 304 0
WARNING 2024-03-07 06:24:13,756 Unauthorized: /users-api/v1/generate-otp
WARNING 2024-03-07 06:24:13,758 "POST /users-api/v1/generate-otp HTTP/1.1" 401 58
INFO 2024-03-07 06:24:36,677 /home/itaims/projects/task/backend/users/users_api_v1/views.py changed, reloading.
INFO 2024-03-07 06:24:37,745 Watching for file changes with StatReloader
WARNING 2024-03-07 06:24:38,865 Bad Request: /users-api/v1/generate-otp
WARNING 2024-03-07 06:24:38,866 "POST /users-api/v1/generate-otp HTTP/1.1" 400 128
INFO 2024-03-07 06:25:22,163 /home/itaims/projects/task/backend/users/users_api_v1/views.py changed, reloading.
INFO 2024-03-07 06:25:23,284 Watching for file changes with StatReloader
WARNING 2024-03-07 06:25:24,160 Bad Request: /users-api/v1/generate-otp
WARNING 2024-03-07 06:25:24,162 "POST /users-api/v1/generate-otp HTTP/1.1" 400 128
INFO 2024-03-07 06:25:56,314 "GET /admin/users/user/1/change/ HTTP/1.1" 200 20988
INFO 2024-03-07 06:25:56,349 "GET /static/admin/css/base.css HTTP/1.1" 304 0
INFO 2024-03-07 06:25:56,380 "GET /static/admin/css/dark_mode.css HTTP/1.1" 304 0
INFO 2024-03-07 06:25:56,399 "GET /static/admin/css/nav_sidebar.css HTTP/1.1" 304 0
INFO 2024-03-07 06:25:56,414 "GET /static/admin/css/forms.css HTTP/1.1" 304 0
INFO 2024-03-07 06:25:56,426 "GET /static/admin/css/responsive.css HTTP/1.1" 304 0
INFO 2024-03-07 06:25:56,427 "GET /static/admin/js/vendor/jquery/jquery.js HTTP/1.1" 304 0
INFO 2024-03-07 06:25:56,427 "GET /static/admin/js/calendar.js HTTP/1.1" 304 0
INFO 2024-03-07 06:25:56,433 "GET /static/admin/js/jquery.init.js HTTP/1.1" 304 0
INFO 2024-03-07 06:25:56,435 "GET /static/admin/css/fonts.css HTTP/1.1" 304 0
INFO 2024-03-07 06:25:56,437 "GET /admin/jsi18n/ HTTP/1.1" 200 3343
INFO 2024-03-07 06:25:56,450 "GET /static/admin/css/widgets.css HTTP/1.1" 304 0
INFO 2024-03-07 06:25:56,451 "GET /static/admin/js/admin/DateTimeShortcuts.js HTTP/1.1" 304 0
INFO 2024-03-07 06:25:56,468 "GET /static/admin/js/core.js HTTP/1.1" 304 0
INFO 2024-03-07 06:25:56,468 "GET /static/admin/js/admin/RelatedObjectLookups.js HTTP/1.1" 304 0
INFO 2024-03-07 06:25:56,481 "GET /static/admin/js/actions.js HTTP/1.1" 304 0
INFO 2024-03-07 06:25:56,481 "GET /static/admin/js/SelectBox.js HTTP/1.1" 304 0
INFO 2024-03-07 06:25:56,491 "GET /static/admin/js/SelectFilter2.js HTTP/1.1" 304 0
INFO 2024-03-07 06:25:56,502 "GET /static/admin/js/urlify.js HTTP/1.1" 304 0
INFO 2024-03-07 06:25:56,515 "GET /static/admin/js/prepopulate.js HTTP/1.1" 304 0
INFO 2024-03-07 06:25:56,523 "GET /static/admin/js/vendor/xregexp/xregexp.js HTTP/1.1" 304 0
INFO 2024-03-07 06:25:56,535 "GET /static/admin/img/icon-addlink.svg HTTP/1.1" 304 0
INFO 2024-03-07 06:25:56,537 "GET /static/admin/img/icon-changelink.svg HTTP/1.1" 304 0
INFO 2024-03-07 06:25:56,580 "GET /static/admin/img/icon-viewlink.svg HTTP/1.1" 304 0
INFO 2024-03-07 06:25:56,604 "GET /static/admin/fonts/Roboto-Light-webfont.woff HTTP/1.1" 304 0
INFO 2024-03-07 06:25:56,606 "GET /static/admin/js/nav_sidebar.js HTTP/1.1" 304 0
INFO 2024-03-07 06:25:56,606 "GET /static/admin/js/change_form.js HTTP/1.1" 304 0
INFO 2024-03-07 06:25:56,606 "GET /static/admin/fonts/Roboto-Regular-webfont.woff HTTP/1.1" 304 0
INFO 2024-03-07 06:25:56,610 "GET /static/admin/js/prepopulate_init.js HTTP/1.1" 304 0
INFO 2024-03-07 06:25:56,619 "GET /static/admin/fonts/Roboto-Bold-webfont.woff HTTP/1.1" 304 0
INFO 2024-03-07 06:25:56,689 "GET /static/admin/img/selector-icons.svg HTTP/1.1" 304 0
INFO 2024-03-07 06:25:56,691 "GET /static/admin/img/icon-unknown.svg HTTP/1.1" 304 0
INFO 2024-03-07 06:25:56,693 "GET /static/admin/img/search.svg HTTP/1.1" 304 0
INFO 2024-03-07 06:25:56,702 "GET /static/admin/img/icon-clock.svg HTTP/1.1" 304 0
INFO 2024-03-07 06:25:56,702 "GET /static/admin/img/icon-calendar.svg HTTP/1.1" 304 0
INFO 2024-03-07 06:25:56,712 "GET /static/admin/img/icon-unknown-alt.svg HTTP/1.1" 304 0
INFO 2024-03-07 06:26:04,553 "POST /admin/users/user/1/change/ HTTP/1.1" 302 0
INFO 2024-03-07 06:26:04,614 "GET /admin/users/user/ HTTP/1.1" 200 10371
INFO 2024-03-07 06:26:04,728 "GET /static/admin/css/base.css HTTP/1.1" 304 0
INFO 2024-03-07 06:26:04,830 "GET /static/admin/css/dark_mode.css HTTP/1.1" 304 0
INFO 2024-03-07 06:26:04,836 "GET /static/admin/css/changelists.css HTTP/1.1" 304 0
INFO 2024-03-07 06:26:04,840 "GET /static/admin/css/nav_sidebar.css HTTP/1.1" 304 0
INFO 2024-03-07 06:26:04,860 "GET /static/admin/js/vendor/jquery/jquery.js HTTP/1.1" 304 0
INFO 2024-03-07 06:26:04,865 "GET /static/admin/css/responsive.css HTTP/1.1" 304 0
INFO 2024-03-07 06:26:04,879 "GET /static/admin/js/admin/RelatedObjectLookups.js HTTP/1.1" 304 0
INFO 2024-03-07 06:26:04,881 "GET /static/admin/js/jquery.init.js HTTP/1.1" 304 0
INFO 2024-03-07 06:26:04,884 "GET /static/admin/js/core.js HTTP/1.1" 304 0
INFO 2024-03-07 06:26:04,893 "GET /static/admin/css/fonts.css HTTP/1.1" 304 0
INFO 2024-03-07 06:26:04,899 "GET /admin/jsi18n/ HTTP/1.1" 200 3343
INFO 2024-03-07 06:26:04,899 "GET /static/admin/js/actions.js HTTP/1.1" 304 0
INFO 2024-03-07 06:26:04,919 "GET /static/admin/js/urlify.js HTTP/1.1" 304 0
INFO 2024-03-07 06:26:04,928 "GET /static/admin/js/prepopulate.js HTTP/1.1" 304 0
INFO 2024-03-07 06:26:04,937 "GET /static/admin/img/search.svg HTTP/1.1" 304 0
INFO 2024-03-07 06:26:04,939 "GET /static/admin/js/vendor/xregexp/xregexp.js HTTP/1.1" 304 0
INFO 2024-03-07 06:26:04,988 "GET /static/admin/js/nav_sidebar.js HTTP/1.1" 304 0
INFO 2024-03-07 06:26:04,997 "GET /static/admin/js/filters.js HTTP/1.1" 304 0
INFO 2024-03-07 06:26:05,004 "GET /static/admin/fonts/Roboto-Regular-webfont.woff HTTP/1.1" 304 0
INFO 2024-03-07 06:26:05,013 "GET /static/admin/img/icon-addlink.svg HTTP/1.1" 304 0
INFO 2024-03-07 06:26:05,021 "GET /static/admin/fonts/Roboto-Bold-webfont.woff HTTP/1.1" 304 0
INFO 2024-03-07 06:26:05,021 "GET /static/admin/img/icon-yes.svg HTTP/1.1" 304 0
INFO 2024-03-07 06:26:05,039 "GET /static/admin/img/sorting-icons.svg HTTP/1.1" 304 0
INFO 2024-03-07 06:26:05,039 "GET /static/admin/fonts/Roboto-Light-webfont.woff HTTP/1.1" 304 0
INFO 2024-03-07 06:26:05,039 "GET /static/admin/img/tooltag-add.svg HTTP/1.1" 304 0
WARNING 2024-03-07 06:26:07,519 Bad Request: /users-api/v1/generate-otp
WARNING 2024-03-07 06:26:07,520 "POST /users-api/v1/generate-otp HTTP/1.1" 400 128
INFO 2024-03-07 06:26:43,433 /home/itaims/projects/task/backend/users/users_api_v1/views.py changed, reloading.
INFO 2024-03-07 06:26:44,665 Watching for file changes with StatReloader
WARNING 2024-03-07 06:26:47,864 Bad Request: /users-api/v1/generate-otp
WARNING 2024-03-07 06:26:47,865 "POST /users-api/v1/generate-otp HTTP/1.1" 400 128
INFO 2024-03-07 06:27:19,257 /home/itaims/projects/task/backend/users/users_api_v1/views.py changed, reloading.
INFO 2024-03-07 06:27:20,447 Watching for file changes with StatReloader
ERROR 2024-03-07 06:27:21,790 Internal Server Error: /users-api/v1/generate-otp
Traceback (most recent call last):
  File "/home/itaims/projects/task/backend/users/users_api_v1/views.py", line 204, in post
    print("Serializer ", serializer.phone)
AttributeError: 'GenerateOtpSerializer' object has no attribute 'phone'

During handling of the above exception, another exception occurred:

Traceback (most recent call last):
  File "/home/itaims/projects/task/backend/venv/lib/python3.8/site-packages/django/core/handlers/exception.py", line 56, in inner
    response = get_response(request)
  File "/home/itaims/projects/task/backend/venv/lib/python3.8/site-packages/django/core/handlers/base.py", line 197, in _get_response
    response = wrapped_callback(request, *callback_args, **callback_kwargs)
  File "/home/itaims/projects/task/backend/venv/lib/python3.8/site-packages/sentry_sdk/integrations/django/views.py", line 84, in sentry_wrapped_callback
    return callback(request, *args, **kwargs)
  File "/home/itaims/projects/task/backend/venv/lib/python3.8/site-packages/django/views/decorators/csrf.py", line 55, in wrapped_view
    return view_func(*args, **kwargs)
  File "/home/itaims/projects/task/backend/venv/lib/python3.8/site-packages/django/views/generic/base.py", line 103, in view
    return self.dispatch(request, *args, **kwargs)
  File "/home/itaims/projects/task/backend/venv/lib/python3.8/site-packages/rest_framework/views.py", line 509, in dispatch
    response = self.handle_exception(exc)
  File "/home/itaims/projects/task/backend/venv/lib/python3.8/site-packages/rest_framework/views.py", line 469, in handle_exception
    self.raise_uncaught_exception(exc)
  File "/home/itaims/projects/task/backend/venv/lib/python3.8/site-packages/rest_framework/views.py", line 480, in raise_uncaught_exception
    raise exc
  File "/home/itaims/projects/task/backend/venv/lib/python3.8/site-packages/rest_framework/views.py", line 506, in dispatch
    response = handler(request, *args, **kwargs)
  File "/home/itaims/projects/task/backend/users/users_api_v1/views.py", line 235, in post
    'message': users_app_response.user_phone_exists if error else serializer.validated_data,
  File "/home/itaims/projects/task/backend/venv/lib/python3.8/site-packages/rest_framework/serializers.py", line 271, in validated_data
    raise AssertionError(msg)
AssertionError: You must call `.is_valid()` before accessing `.validated_data`.
ERROR 2024-03-07 06:27:21,793 "POST /users-api/v1/generate-otp HTTP/1.1" 500 22141
INFO 2024-03-07 06:27:33,929 /home/itaims/projects/task/backend/users/users_api_v1/views.py changed, reloading.
INFO 2024-03-07 06:27:34,902 Watching for file changes with StatReloader
WARNING 2024-03-07 06:27:37,510 Bad Request: /users-api/v1/generate-otp
WARNING 2024-03-07 06:27:37,511 "POST /users-api/v1/generate-otp HTTP/1.1" 400 136
INFO 2024-03-07 06:28:20,759 /home/itaims/projects/task/backend/users/users_api_v1/views.py changed, reloading.
INFO 2024-03-07 06:28:21,941 Watching for file changes with StatReloader
INFO 2024-03-07 06:28:23,656 /home/itaims/projects/task/backend/users/users_api_v1/views.py changed, reloading.
INFO 2024-03-07 06:28:24,817 Watching for file changes with StatReloader
WARNING 2024-03-07 06:28:26,090 Bad Request: /users-api/v1/generate-otp
WARNING 2024-03-07 06:28:26,091 "POST /users-api/v1/generate-otp HTTP/1.1" 400 128
WARNING 2024-03-07 06:28:27,838 Bad Request: /users-api/v1/generate-otp
WARNING 2024-03-07 06:28:27,839 "POST /users-api/v1/generate-otp HTTP/1.1" 400 128
INFO 2024-03-07 06:28:46,648 /home/itaims/projects/task/backend/users/users_api_v1/views.py changed, reloading.
INFO 2024-03-07 06:28:47,662 Watching for file changes with StatReloader
WARNING 2024-03-07 06:28:49,742 Bad Request: /users-api/v1/generate-otp
WARNING 2024-03-07 06:28:49,743 "POST /users-api/v1/generate-otp HTTP/1.1" 400 128
INFO 2024-03-07 06:29:15,107 /home/itaims/projects/task/backend/users/users_api_v1/views.py changed, reloading.
INFO 2024-03-07 06:29:16,097 Watching for file changes with StatReloader
INFO 2024-03-07 06:29:29,351 /home/itaims/projects/task/backend/users/utils.py changed, reloading.
INFO 2024-03-07 06:29:30,592 Watching for file changes with StatReloader
WARNING 2024-03-07 06:29:33,433 Bad Request: /users-api/v1/generate-otp
WARNING 2024-03-07 06:29:33,434 "POST /users-api/v1/generate-otp HTTP/1.1" 400 128
INFO 2024-03-07 06:30:09,092 Watching for file changes with StatReloader
INFO 2024-03-07 06:30:26,367 Watching for file changes with StatReloader
WARNING 2024-03-07 06:31:14,520 Bad Request: /users-api/v1/generate-otp
WARNING 2024-03-07 06:31:14,536 "POST /users-api/v1/generate-otp HTTP/1.1" 400 128
INFO 2024-03-07 06:32:36,550 /home/itaims/projects/task/backend/users/users_api_v1/views.py changed, reloading.
INFO 2024-03-07 06:32:39,578 Watching for file changes with StatReloader
INFO 2024-03-07 06:33:17,206 "POST /users-api/v1/generate-otp HTTP/1.1" 201 71
INFO 2024-03-07 06:34:21,214 /home/itaims/projects/task/backend/users/users_api_v1/views.py changed, reloading.
INFO 2024-03-07 06:34:24,681 Watching for file changes with StatReloader
WARNING 2024-03-07 06:35:11,699 Bad Request: /users-api/v1/auth-verify-otp
WARNING 2024-03-07 06:35:11,720 "POST /users-api/v1/auth-verify-otp HTTP/1.1" 400 133
INFO 2024-03-07 06:35:29,745 /home/itaims/projects/task/backend/users/users_api_v1/views.py changed, reloading.
INFO 2024-03-07 06:35:32,931 Watching for file changes with StatReloader
INFO 2024-03-07 06:35:46,456 /home/itaims/projects/task/backend/users/users_api_v1/views.py changed, reloading.
INFO 2024-03-07 06:35:50,109 Watching for file changes with StatReloader
INFO 2024-03-07 06:36:19,536 /home/itaims/projects/task/backend/users/users_api_v1/views.py changed, reloading.
WARNING 2024-03-07 06:36:30,764 Bad Request: /users-api/v1/auth-verify-otp
WARNING 2024-03-07 06:36:30,785 "POST /users-api/v1/auth-verify-otp HTTP/1.1" 400 120
WARNING 2024-03-07 06:36:30,899 Bad Request: /users-api/v1/auth-verify-otp
WARNING 2024-03-07 06:36:30,903 "POST /users-api/v1/auth-verify-otp HTTP/1.1" 400 120
INFO 2024-03-07 06:36:33,983 Watching for file changes with StatReloader
INFO 2024-03-07 06:37:13,115 "POST /users-api/v1/auth-verify-otp HTTP/1.1" 200 690
INFO 2024-03-07 06:39:27,493 /home/itaims/projects/task/backend/users/users_api_v1/views.py changed, reloading.
INFO 2024-03-07 06:39:30,655 Watching for file changes with StatReloader
INFO 2024-03-07 06:39:39,220 /home/itaims/projects/task/backend/users/users_api_v1/views.py changed, reloading.
INFO 2024-03-07 06:39:46,191 Watching for file changes with StatReloader
INFO 2024-03-07 06:40:41,393 Watching for file changes with StatReloader
INFO 2024-03-07 06:40:49,391 Watching for file changes with StatReloader
INFO 2024-03-07 06:41:03,330 "GET /admin/users/user/1/change/ HTTP/1.1" 200 21004
INFO 2024-03-07 06:41:03,398 "GET /static/admin/css/base.css HTTP/1.1" 304 0
INFO 2024-03-07 06:41:03,407 "GET /static/admin/css/dark_mode.css HTTP/1.1" 304 0
INFO 2024-03-07 06:41:03,449 "GET /static/admin/js/vendor/jquery/jquery.js HTTP/1.1" 304 0
INFO 2024-03-07 06:41:03,449 "GET /static/admin/js/calendar.js HTTP/1.1" 304 0
INFO 2024-03-07 06:41:03,458 "GET /static/admin/css/nav_sidebar.css HTTP/1.1" 304 0
INFO 2024-03-07 06:41:03,509 "GET /static/admin/css/responsive.css HTTP/1.1" 304 0
INFO 2024-03-07 06:41:03,532 "GET /static/admin/css/forms.css HTTP/1.1" 304 0
INFO 2024-03-07 06:41:03,555 "GET /admin/jsi18n/ HTTP/1.1" 200 3343
INFO 2024-03-07 06:41:03,558 "GET /static/admin/js/admin/DateTimeShortcuts.js HTTP/1.1" 304 0
INFO 2024-03-07 06:41:03,559 "GET /static/admin/js/jquery.init.js HTTP/1.1" 304 0
INFO 2024-03-07 06:41:03,559 "GET /static/admin/css/fonts.css HTTP/1.1" 304 0
INFO 2024-03-07 06:41:03,564 "GET /static/admin/js/core.js HTTP/1.1" 304 0
INFO 2024-03-07 06:41:03,585 "GET /static/admin/css/widgets.css HTTP/1.1" 304 0
INFO 2024-03-07 06:41:03,566 "GET /static/admin/js/admin/RelatedObjectLookups.js HTTP/1.1" 304 0
INFO 2024-03-07 06:41:03,668 "GET /static/admin/js/SelectFilter2.js HTTP/1.1" 304 0
INFO 2024-03-07 06:41:03,669 "GET /static/admin/js/actions.js HTTP/1.1" 304 0
INFO 2024-03-07 06:41:03,670 "GET /static/admin/js/urlify.js HTTP/1.1" 304 0
INFO 2024-03-07 06:41:03,671 "GET /static/admin/js/prepopulate.js HTTP/1.1" 304 0
INFO 2024-03-07 06:41:03,679 "GET /static/admin/js/SelectBox.js HTTP/1.1" 304 0
INFO 2024-03-07 06:41:03,691 "GET /static/admin/js/vendor/xregexp/xregexp.js HTTP/1.1" 304 0
INFO 2024-03-07 06:41:03,724 "GET /static/admin/img/icon-changelink.svg HTTP/1.1" 304 0
INFO 2024-03-07 06:41:03,755 "GET /static/admin/img/icon-addlink.svg HTTP/1.1" 304 0
INFO 2024-03-07 06:41:03,797 "GET /static/admin/js/nav_sidebar.js HTTP/1.1" 304 0
INFO 2024-03-07 06:41:03,799 "GET /static/admin/img/icon-viewlink.svg HTTP/1.1" 304 0
INFO 2024-03-07 06:41:03,800 "GET /static/admin/js/change_form.js HTTP/1.1" 304 0
INFO 2024-03-07 06:41:03,823 "GET /static/admin/js/prepopulate_init.js HTTP/1.1" 304 0
INFO 2024-03-07 06:41:03,891 "GET /static/admin/fonts/Roboto-Bold-webfont.woff HTTP/1.1" 304 0
INFO 2024-03-07 06:41:03,897 "GET /static/admin/fonts/Roboto-Light-webfont.woff HTTP/1.1" 304 0
INFO 2024-03-07 06:41:03,908 "GET /static/admin/fonts/Roboto-Regular-webfont.woff HTTP/1.1" 304 0
INFO 2024-03-07 06:41:04,015 "GET /static/admin/img/icon-unknown.svg HTTP/1.1" 304 0
INFO 2024-03-07 06:41:04,016 "GET /static/admin/img/search.svg HTTP/1.1" 304 0
INFO 2024-03-07 06:41:04,016 "GET /static/admin/img/icon-clock.svg HTTP/1.1" 304 0
INFO 2024-03-07 06:41:04,028 "GET /static/admin/img/selector-icons.svg HTTP/1.1" 304 0
INFO 2024-03-07 06:41:04,032 "GET /static/admin/img/icon-calendar.svg HTTP/1.1" 304 0
INFO 2024-03-07 06:41:04,039 "GET /static/admin/img/icon-unknown-alt.svg HTTP/1.1" 304 0
INFO 2024-03-07 06:42:27,818 /home/itaims/projects/task/backend/users/users_api_v1/serializers.py changed, reloading.
INFO 2024-03-07 06:42:31,682 Watching for file changes with StatReloader
INFO 2024-03-07 06:43:08,084 /home/itaims/projects/task/backend/users/users_api_v1/serializers.py changed, reloading.
INFO 2024-03-07 06:43:11,366 Watching for file changes with StatReloader
INFO 2024-03-07 06:43:40,216 /home/itaims/projects/task/backend/users/users_api_v1/views.py changed, reloading.
INFO 2024-03-07 06:43:43,353 Watching for file changes with StatReloader
INFO 2024-03-07 06:43:54,191 /home/itaims/projects/task/backend/users/users_api_v1/urls.py changed, reloading.
INFO 2024-03-07 06:44:09,642 Watching for file changes with StatReloader
INFO 2024-03-07 06:44:42,832 /home/itaims/projects/task/backend/users/users_api_v1/views.py changed, reloading.
INFO 2024-03-07 06:44:45,932 Watching for file changes with StatReloader
INFO 2024-03-07 06:44:58,121 /home/itaims/projects/task/backend/users/users_api_v1/urls.py changed, reloading.
INFO 2024-03-07 06:58:49,746 Watching for file changes with StatReloader
INFO 2024-03-07 06:58:55,129 /home/itaims/projects/task/backend/users/users_api_v1/urls.py changed, reloading.
INFO 2024-03-07 06:59:00,180 Watching for file changes with StatReloader
INFO 2024-03-07 06:59:05,597 /home/itaims/projects/task/backend/users/users_api_v1/urls.py changed, reloading.
INFO 2024-03-07 06:59:11,041 Watching for file changes with StatReloader
INFO 2024-03-07 06:59:20,687 "GET /swagger/ HTTP/1.1" 200 1572
INFO 2024-03-07 06:59:20,730 "GET /static/drf-yasg/style.css HTTP/1.1" 304 0
INFO 2024-03-07 06:59:20,740 "GET /static/drf-yasg/swagger-ui-dist/swagger-ui.css HTTP/1.1" 304 0
INFO 2024-03-07 06:59:20,780 "GET /static/drf-yasg/swagger-ui-init.js HTTP/1.1" 304 0
INFO 2024-03-07 06:59:20,782 "GET /static/drf-yasg/swagger-ui-dist/swagger-ui-bundle.js HTTP/1.1" 304 0
INFO 2024-03-07 06:59:20,790 "GET /static/drf-yasg/swagger-ui-dist/swagger-ui-standalone-preset.js HTTP/1.1" 304 0
INFO 2024-03-07 06:59:20,824 "GET /static/drf-yasg/immutable.min.js HTTP/1.1" 304 0
INFO 2024-03-07 06:59:20,824 "GET /static/drf-yasg/insQ.min.js HTTP/1.1" 304 0
INFO 2024-03-07 06:59:21,071 "GET /static/drf-yasg/swagger-ui-dist/favicon-32x32.png HTTP/1.1" 200 628
INFO 2024-03-07 06:59:21,173 "GET /swagger/?format=openapi HTTP/1.1" 200 8903
INFO 2024-03-07 07:00:47,179 /home/itaims/projects/task/backend/users/users_api_v1/views.py changed, reloading.
INFO 2024-03-07 07:00:51,073 Watching for file changes with StatReloader
INFO 2024-03-07 07:02:27,008 /home/itaims/projects/task/backend/users/utils.py changed, reloading.
INFO 2024-03-07 07:02:30,239 Watching for file changes with StatReloader
INFO 2024-03-07 07:03:15,809 /home/itaims/projects/task/backend/users/users_api_v1/urls.py changed, reloading.
INFO 2024-03-07 07:03:19,423 Watching for file changes with StatReloader
INFO 2024-03-07 07:03:21,921 /home/itaims/projects/task/backend/users/users_api_v1/views.py changed, reloading.
INFO 2024-03-07 07:03:25,152 Watching for file changes with StatReloader
INFO 2024-03-07 07:04:05,812 /home/itaims/projects/task/backend/users/users_api_v1/views.py changed, reloading.
INFO 2024-03-07 07:04:09,173 Watching for file changes with StatReloader
INFO 2024-03-07 07:06:10,714 /home/itaims/projects/task/backend/users/users_api_v1/serializers.py changed, reloading.
INFO 2024-03-07 07:06:14,017 Watching for file changes with StatReloader
INFO 2024-03-07 07:06:19,667 /home/itaims/projects/task/backend/users/users_api_v1/serializers.py changed, reloading.
INFO 2024-03-07 07:06:23,361 Watching for file changes with StatReloader
INFO 2024-03-07 07:06:46,762 /home/itaims/projects/task/backend/users/users_api_v1/serializers.py changed, reloading.
INFO 2024-03-07 07:06:50,169 Watching for file changes with StatReloader
INFO 2024-03-07 07:07:10,138 /home/itaims/projects/task/backend/users/users_api_v1/urls.py changed, reloading.
INFO 2024-03-07 07:07:13,845 Watching for file changes with StatReloader
INFO 2024-03-07 07:08:32,184 /home/itaims/projects/task/backend/users/users_api_v1/views.py changed, reloading.
INFO 2024-03-07 07:08:35,453 Watching for file changes with StatReloader
INFO 2024-03-07 07:09:02,688 /home/itaims/projects/task/backend/users/users_api_v1/views.py changed, reloading.
INFO 2024-03-07 07:09:40,907 Watching for file changes with StatReloader
INFO 2024-03-07 07:09:58,696 /home/itaims/projects/task/backend/users/users_api_v1/views.py changed, reloading.
INFO 2024-03-07 07:10:25,704 Watching for file changes with StatReloader
INFO 2024-03-07 07:10:40,191 /home/itaims/projects/task/backend/users/users_api_v1/urls.py changed, reloading.
INFO 2024-03-07 07:10:48,037 Watching for file changes with StatReloader
INFO 2024-03-07 07:11:03,459 /home/itaims/projects/task/backend/users/users_api_v1/urls.py changed, reloading.
INFO 2024-03-07 07:11:11,281 Watching for file changes with StatReloader
INFO 2024-03-07 07:12:09,710 /home/itaims/projects/task/backend/users/utils.py changed, reloading.
INFO 2024-03-07 07:12:12,908 Watching for file changes with StatReloader
INFO 2024-03-07 07:12:20,915 /home/itaims/projects/task/backend/users/utils.py changed, reloading.
INFO 2024-03-07 07:12:24,629 Watching for file changes with StatReloader
INFO 2024-03-07 07:12:35,718 /home/itaims/projects/task/backend/users/models.py changed, reloading.
INFO 2024-03-07 07:12:38,929 Watching for file changes with StatReloader
INFO 2024-03-07 07:23:07,536 Watching for file changes with StatReloader
INFO 2024-03-07 07:23:10,298 "GET /swagger/ HTTP/1.1" 200 1572
INFO 2024-03-07 07:23:10,334 "GET /static/drf-yasg/style.css HTTP/1.1" 304 0
INFO 2024-03-07 07:23:10,346 "GET /static/drf-yasg/swagger-ui-dist/swagger-ui-bundle.js HTTP/1.1" 304 0
INFO 2024-03-07 07:23:10,349 "GET /static/drf-yasg/swagger-ui-dist/swagger-ui.css HTTP/1.1" 304 0
INFO 2024-03-07 07:23:10,359 "GET /static/drf-yasg/swagger-ui-dist/swagger-ui-standalone-preset.js HTTP/1.1" 304 0
INFO 2024-03-07 07:23:10,363 "GET /static/drf-yasg/swagger-ui-init.js HTTP/1.1" 304 0
INFO 2024-03-07 07:23:10,368 "GET /static/drf-yasg/insQ.min.js HTTP/1.1" 304 0
INFO 2024-03-07 07:23:10,369 "GET /static/drf-yasg/immutable.min.js HTTP/1.1" 304 0
INFO 2024-03-07 07:23:10,658 "GET /static/drf-yasg/swagger-ui-dist/favicon-32x32.png HTTP/1.1" 304 0
INFO 2024-03-07 07:23:10,702 "GET /swagger/?format=openapi HTTP/1.1" 200 10158
ERROR 2024-03-07 07:23:46,030 Internal Server Error: /users-api/v1/login
Traceback (most recent call last):
  File "/home/itaims/projects/task/backend/venv/lib/python3.8/site-packages/django/core/handlers/exception.py", line 56, in inner
    response = get_response(request)
  File "/home/itaims/projects/task/backend/venv/lib/python3.8/site-packages/django/core/handlers/base.py", line 220, in _get_response
    response = response.render()
  File "/home/itaims/projects/task/backend/venv/lib/python3.8/site-packages/sentry_sdk/integrations/django/views.py", line 38, in sentry_patched_render
    return old_render(self)
  File "/home/itaims/projects/task/backend/venv/lib/python3.8/site-packages/django/template/response.py", line 114, in render
    self.content = self.rendered_content
  File "/home/itaims/projects/task/backend/venv/lib/python3.8/site-packages/rest_framework/response.py", line 70, in rendered_content
    ret = renderer.render(self.data, accepted_media_type, context)
  File "/home/itaims/projects/task/backend/venv/lib/python3.8/site-packages/rest_framework/renderers.py", line 99, in render
    ret = json.dumps(
  File "/home/itaims/projects/task/backend/venv/lib/python3.8/site-packages/rest_framework/utils/json.py", line 25, in dumps
    return json.dumps(*args, **kwargs)
  File "/usr/lib/python3.8/json/__init__.py", line 234, in dumps
    return cls(
  File "/usr/lib/python3.8/json/encoder.py", line 199, in encode
    chunks = self.iterencode(o, _one_shot=True)
  File "/usr/lib/python3.8/json/encoder.py", line 257, in iterencode
    return _iterencode(o, 0)
  File "/home/itaims/projects/task/backend/venv/lib/python3.8/site-packages/rest_framework/utils/encoders.py", line 67, in default
    return super().default(obj)
  File "/usr/lib/python3.8/json/encoder.py", line 179, in default
    raise TypeError(f'Object of type {o.__class__.__name__} '
TypeError: Object of type User is not JSON serializable
ERROR 2024-03-07 07:23:46,034 "POST /users-api/v1/login HTTP/1.1" 500 21674
INFO 2024-03-07 07:24:42,965 /home/itaims/projects/task/backend/users/users_api_v1/views.py changed, reloading.
INFO 2024-03-07 07:24:43,894 Watching for file changes with StatReloader
INFO 2024-03-07 07:24:57,818 "POST /users-api/v1/login HTTP/1.1" 200 737
INFO 2024-03-07 07:25:36,814 "PUT /users-api/v1/change-password HTTP/1.1" 200 70
INFO 2024-03-07 07:26:55,381 /home/itaims/projects/task/backend/users/users_api_v1/urls.py changed, reloading.
INFO 2024-03-07 07:26:56,439 Watching for file changes with StatReloader
INFO 2024-03-07 07:27:03,309 /home/itaims/projects/task/backend/users/users_api_v1/urls.py changed, reloading.
INFO 2024-03-07 07:27:04,405 Watching for file changes with StatReloader
INFO 2024-03-07 07:27:04,783 "GET /swagger/ HTTP/1.1" 200 1572
INFO 2024-03-07 07:27:04,813 "GET /static/drf-yasg/style.css HTTP/1.1" 304 0
INFO 2024-03-07 07:27:04,830 "GET /static/drf-yasg/swagger-ui-dist/swagger-ui.css HTTP/1.1" 304 0
INFO 2024-03-07 07:27:04,854 "GET /static/drf-yasg/swagger-ui-init.js HTTP/1.1" 304 0
INFO 2024-03-07 07:27:04,854 "GET /static/drf-yasg/insQ.min.js HTTP/1.1" 304 0
INFO 2024-03-07 07:27:04,855 "GET /static/drf-yasg/swagger-ui-dist/swagger-ui-bundle.js HTTP/1.1" 304 0
INFO 2024-03-07 07:27:04,858 "GET /static/drf-yasg/swagger-ui-dist/swagger-ui-standalone-preset.js HTTP/1.1" 304 0
INFO 2024-03-07 07:27:04,858 "GET /static/drf-yasg/immutable.min.js HTTP/1.1" 304 0
INFO 2024-03-07 07:27:05,015 "GET /static/drf-yasg/swagger-ui-dist/favicon-32x32.png HTTP/1.1" 304 0
INFO 2024-03-07 07:27:05,100 "GET /swagger/?format=openapi HTTP/1.1" 200 10158
INFO 2024-03-07 07:27:44,074 "POST /users-api/v1/forgot-password HTTP/1.1" 200 80
INFO 2024-03-07 07:27:50,632 "POST /users-api/v1/forgot-password HTTP/1.1" 200 87
ERROR 2024-03-07 07:30:36,385 Internal Server Error: /users-api/v1/forgot-password/c3icqe-f51afe042ba58ea0216151fa453e2239/MQ&amp
Traceback (most recent call last):
  File "/home/itaims/projects/task/backend/venv/lib/python3.8/site-packages/django/utils/encoding.py", line 70, in force_str
    s = str(s, encoding, errors)
UnicodeDecodeError: 'utf-8' codec can't decode byte 0x9c in position 2: invalid start byte

During handling of the above exception, another exception occurred:

Traceback (most recent call last):
  File "/home/itaims/projects/task/backend/users/users_api_v1/views.py", line 600, in get
    user_id = smart_str(urlsafe_base64_decode(uidb64))
  File "/home/itaims/projects/task/backend/venv/lib/python3.8/site-packages/django/utils/encoding.py", line 33, in smart_str
    return force_str(s, encoding, strings_only, errors)
  File "/home/itaims/projects/task/backend/venv/lib/python3.8/site-packages/django/utils/encoding.py", line 74, in force_str
    raise DjangoUnicodeDecodeError(s, *e.args)
django.utils.encoding.DjangoUnicodeDecodeError: 'utf-8' codec can't decode byte 0x9c in position 2: invalid start byte. You passed in b'sx\x9c\xa9\xef\x9f\xe7V\x9f{N6m\xae|y\xad6\xd7\xady\xd5\xf6\xb8\xe7w\xb6\xdb\x7f' (<class 'bytes'>)

During handling of the above exception, another exception occurred:

Traceback (most recent call last):
  File "/home/itaims/projects/task/backend/venv/lib/python3.8/site-packages/django/core/handlers/exception.py", line 56, in inner
    response = get_response(request)
  File "/home/itaims/projects/task/backend/venv/lib/python3.8/site-packages/django/core/handlers/base.py", line 197, in _get_response
    response = wrapped_callback(request, *callback_args, **callback_kwargs)
  File "/home/itaims/projects/task/backend/venv/lib/python3.8/site-packages/sentry_sdk/integrations/django/views.py", line 84, in sentry_wrapped_callback
    return callback(request, *args, **kwargs)
  File "/home/itaims/projects/task/backend/venv/lib/python3.8/site-packages/django/views/decorators/csrf.py", line 55, in wrapped_view
    return view_func(*args, **kwargs)
  File "/home/itaims/projects/task/backend/venv/lib/python3.8/site-packages/django/views/generic/base.py", line 103, in view
    return self.dispatch(request, *args, **kwargs)
  File "/home/itaims/projects/task/backend/venv/lib/python3.8/site-packages/rest_framework/views.py", line 509, in dispatch
    response = self.handle_exception(exc)
  File "/home/itaims/projects/task/backend/venv/lib/python3.8/site-packages/rest_framework/views.py", line 469, in handle_exception
    self.raise_uncaught_exception(exc)
  File "/home/itaims/projects/task/backend/venv/lib/python3.8/site-packages/rest_framework/views.py", line 480, in raise_uncaught_exception
    raise exc
  File "/home/itaims/projects/task/backend/venv/lib/python3.8/site-packages/rest_framework/views.py", line 506, in dispatch
    response = handler(request, *args, **kwargs)
  File "/home/itaims/projects/task/backend/users/users_api_v1/views.py", line 616, in get
    if not PasswordResetTokenGenerator().check_token(user):
UnboundLocalError: local variable 'user' referenced before assignment
ERROR 2024-03-07 07:30:36,388 "GET /users-api/v1/forgot-password/c3icqe-f51afe042ba58ea0216151fa453e2239/MQ%26amp HTTP/1.1" 500 22873
WARNING 2024-03-07 07:31:44,890 Bad Request: /users-api/v1/forgot-password/reset-complete
WARNING 2024-03-07 07:31:44,891 "PATCH /users-api/v1/forgot-password/reset-complete HTTP/1.1" 400 126
